Using pre-set license
Built from '2020.3/staging' branch; Version is '2020.3.14f1 (d0d1bb862f9d) revision 13685179'; Using compiler version '192528614'; Build Type 'Release'
OS: 'Windows 10 Education; OS build 19042.1110; Version 2009; 64bit' Language: 'ko' Physical Memory: 7116 MB
BatchMode: 1, IsHumanControllingUs: 0, StartBugReporterOnCrash: 0, Is64bit: 1, IsPro: 0

 COMMAND LINE ARGUMENTS:
C:\Program Files\Unity\Hub\Editor\2020.3.14f1\Editor\Unity.exe
-adb2
-batchMode
-noUpm
-name
AssetImportWorker0
-projectPath
C:/Users/HW/Desktop/Portfolio/Portfolio
-logFile
Logs/AssetImportWorker0.log
-srvPort
10905
Successfully changed project path to: C:/Users/HW/Desktop/Portfolio/Portfolio
C:/Users/HW/Desktop/Portfolio/Portfolio
Using Asset Import Pipeline V2.
Refreshing native plugins compatible for Editor in 47.29 ms, found 2 plugins.
Preloading 0 native plugins for Editor in 0.00 ms.
Initialize engine version: 2020.3.14f1 (d0d1bb862f9d)
[Subsystems] Discovering subsystems at path C:/Program Files/Unity/Hub/Editor/2020.3.14f1/Editor/Data/Resources/UnitySubsystems
[Subsystems] Discovering subsystems at path C:/Users/HW/Desktop/Portfolio/Portfolio/Assets
GfxDevice: creating device client; threaded=0
Direct3D:
    Version:  Direct3D 11.0 [level 11.1]
    Renderer: AMD Radeon(TM) RX Vega 11 Graphics (ID=0x15dd)
    Vendor:   
    VRAM:     3558 MB
    Driver:   27.20.1034.6
Initialize mono
Mono path[0] = 'C:/Program Files/Unity/Hub/Editor/2020.3.14f1/Editor/Data/Managed'
Mono path[1] = 'C:/Program Files/Unity/Hub/Editor/2020.3.14f1/Editor/Data/MonoBleedingEdge/lib/mono/unityjit'
Mono config path = 'C:/Program Files/Unity/Hub/Editor/2020.3.14f1/Editor/Data/MonoBleedingEdge/etc'
Using monoOptions --debugger-agent=transport=dt_socket,embedding=1,server=y,suspend=n,address=127.0.0.1:56276
Begin MonoManager ReloadAssembly
Registering precompiled unity dll's ...
Register platform support module: C:/Program Files/Unity/Hub/Editor/2020.3.14f1/Editor/Data/PlaybackEngines/WindowsStandaloneSupport/UnityEditor.WindowsStandalone.Extensions.dll
Registered in 0.002522 seconds.
Native extension for WindowsStandalone target not found
Refreshing native plugins compatible for Editor in 33.68 ms, found 2 plugins.
Preloading 0 native plugins for Editor in 0.00 ms.
Mono: successfully reloaded assembly
- Completed reload, in  1.492 seconds
Domain Reload Profiling:
	ReloadAssembly (1492ms)
		BeginReloadAssembly (85ms)
			ExecutionOrderSort (0ms)
			DisableScriptedObjects (0ms)
			BackupInstance (0ms)
			ReleaseScriptingObjects (0ms)
			CreateAndSetChildDomain (1ms)
		EndReloadAssembly (533ms)
			LoadAssemblies (82ms)
			RebuildTransferFunctionScriptingTraits (0ms)
			SetupTypeCache (178ms)
			ReleaseScriptCaches (0ms)
			RebuildScriptCaches (44ms)
			SetupLoadedEditorAssemblies (196ms)
				LogAssemblyErrors (0ms)
				InitializePlatformSupportModulesInManaged (6ms)
				SetLoadedEditorAssemblies (0ms)
				RefreshPlugins (34ms)
				BeforeProcessingInitializeOnLoad (19ms)
				ProcessInitializeOnLoadAttributes (101ms)
				ProcessInitializeOnLoadMethodAttributes (36ms)
				AfterProcessingInitializeOnLoad (0ms)
				EditorAssembliesLoaded (0ms)
			ExecutionOrderSort2 (0ms)
			AwakeInstancesAfterBackupRestoration (0ms)
Platform modules already initialized, skipping
Registering precompiled user dll's ...
Registered in 0.009071 seconds.
Begin MonoManager ReloadAssembly
Native extension for WindowsStandalone target not found
Refreshing native plugins compatible for Editor in 0.42 ms, found 2 plugins.
Preloading 0 native plugins for Editor in 0.00 ms.
Mono: successfully reloaded assembly
- Completed reload, in  1.587 seconds
Domain Reload Profiling:
	ReloadAssembly (1588ms)
		BeginReloadAssembly (236ms)
			ExecutionOrderSort (0ms)
			DisableScriptedObjects (6ms)
			BackupInstance (0ms)
			ReleaseScriptingObjects (0ms)
			CreateAndSetChildDomain (29ms)
		EndReloadAssembly (1274ms)
			LoadAssemblies (136ms)
			RebuildTransferFunctionScriptingTraits (0ms)
			SetupTypeCache (448ms)
			ReleaseScriptCaches (0ms)
			RebuildScriptCaches (79ms)
			SetupLoadedEditorAssemblies (465ms)
				LogAssemblyErrors (0ms)
				InitializePlatformSupportModulesInManaged (7ms)
				SetLoadedEditorAssemblies (1ms)
				RefreshPlugins (1ms)
				BeforeProcessingInitializeOnLoad (137ms)
				ProcessInitializeOnLoadAttributes (299ms)
				ProcessInitializeOnLoadMethodAttributes (7ms)
				AfterProcessingInitializeOnLoad (13ms)
				EditorAssembliesLoaded (0ms)
			ExecutionOrderSort2 (0ms)
			AwakeInstancesAfterBackupRestoration (13ms)
Platform modules already initialized, skipping
========================================================================
Worker process is ready to serve import requests
Launched and connected shader compiler UnityShaderCompiler.exe after 0.06 seconds
Refreshing native plugins compatible for Editor in 0.41 ms, found 2 plugins.
Preloading 0 native plugins for Editor in 0.00 ms.
Unloading 1448 Unused Serialized files (Serialized files now loaded: 0)
System memory in use before: 79.1 MB.
System memory in use after: 79.1 MB.

Unloading 19 unused Assets to reduce memory usage. Loaded Objects now: 1898.
Total: 2.189000 ms (FindLiveObjects: 0.187800 ms CreateObjectMapping: 0.035800 ms MarkObjects: 1.859200 ms  DeleteObjects: 0.104400 ms)

AssetImportParameters requested are different than current active one (requested -> active):
  custom:framework-win-MediaFoundation: 216162199b28c13a410421893ffa2e32 -> 
  custom:video-decoder-ogg-theora: a1e56fd34408186e4bbccfd4996cb3dc -> 
  custom:container-muxer-webm: aa71ff27fc2769a1b78a27578f13a17b -> 
  custom:container-demuxer-webm: 4f35f7cbe854078d1ac9338744f61a02 -> 
  custom:container-demuxer-ogg: 62fdf1f143b41e24485cea50d1cbac27 -> 
  custom:video-encoder-webm-vp8: eb34c28f22e8b96e1ab97ce403110664 -> 
  custom:video-decoder-webm-vp8: 9c59270c3fd7afecdb556c50c9e8de78 -> 
  custom:audio-decoder-ogg-vorbis: bf7c407c2cedff20999df2af8eb42d56 -> 
  custom:audio-encoder-webm-vorbis: bf7c407c2cedff20999df2af8eb42d56 -> 
========================================================================
Received Import Request.
  path: Assets/Free_Assets/Textures
  artifactKey: Guid(e378c591b97b1764d87e61943e8ef1b3) Importer(815301076,1909f56bfc062723c751e8b465ee728b)
Start importing Assets/Free_Assets/Textures using Guid(e378c591b97b1764d87e61943e8ef1b3) Importer(815301076,1909f56bfc062723c751e8b465ee728b)  -> (artifact id: 'eab2cde4caa75eaca88dabf1b99a0543') in 0.013591 seconds 
  Import took 0.016591 seconds .

========================================================================
Received Import Request.
  Time since last request: 87.823902 seconds.
  path: Assets/Free_Assets/Image/UI/Archemy Table/Archemy_Base_Arrow.png
  artifactKey: Guid(566aa962f318cfb47a6e96ed98c21a3d) Importer(815301076,1909f56bfc062723c751e8b465ee728b)
Start importing Assets/Free_Assets/Image/UI/Archemy Table/Archemy_Base_Arrow.png using Guid(566aa962f318cfb47a6e96ed98c21a3d) Importer(815301076,1909f56bfc062723c751e8b465ee728b)  -> (artifact id: 'b3f057f2bd484d8924eb294c5d8ce09d') in 0.193895 seconds 
  Import took 0.197734 seconds .

========================================================================
Received Import Request.
  Time since last request: 0.000240 seconds.
  path: Assets/Free_Assets/Image/UI/BasicSurvivalKitComputer/BasicSurvivalKitComputer_UI_CircleSlot.png
  artifactKey: Guid(277e20299c6b69740b97e92e7b813258) Importer(815301076,1909f56bfc062723c751e8b465ee728b)
Start importing Assets/Free_Assets/Image/UI/BasicSurvivalKitComputer/BasicSurvivalKitComputer_UI_CircleSlot.png using Guid(277e20299c6b69740b97e92e7b813258) Importer(815301076,1909f56bfc062723c751e8b465ee728b)  -> (artifact id: '81c874c255988bc8832f1fa8f1c08706') in 0.034697 seconds 
  Import took 0.038562 seconds .

========================================================================
Received Import Request.
  Time since last request: 0.000307 seconds.
  path: Assets/Free_Assets/Image/UI/Archemy Table/Archemy_Base_Arrow.png
  artifactKey: Guid(566aa962f318cfb47a6e96ed98c21a3d) Importer(815301076,1909f56bfc062723c751e8b465ee728b)
Start importing Assets/Free_Assets/Image/UI/Archemy Table/Archemy_Base_Arrow.png using Guid(566aa962f318cfb47a6e96ed98c21a3d) Importer(815301076,1909f56bfc062723c751e8b465ee728b)  -> (artifact id: 'b3f057f2bd484d8924eb294c5d8ce09d') in 0.012226 seconds 
  Import took 0.016231 seconds .

========================================================================
Received Import Request.
  Time since last request: 0.000251 seconds.
  path: Assets/Free_Assets/Image/UI/BasicSurvivalKitComputer/BasicSurvivalKitComputer_UI_CircleSlot_0_ArchemyTable.png
  artifactKey: Guid(4ce0f0ec8294eaa48bde1f0d40fde270) Importer(815301076,1909f56bfc062723c751e8b465ee728b)
Start importing Assets/Free_Assets/Image/UI/BasicSurvivalKitComputer/BasicSurvivalKitComputer_UI_CircleSlot_0_ArchemyTable.png using Guid(4ce0f0ec8294eaa48bde1f0d40fde270) Importer(815301076,1909f56bfc062723c751e8b465ee728b)  -> (artifact id: 'd4ae50500907012ed8a9008b7519c821') in 0.032111 seconds 
  Import took 0.036369 seconds .

========================================================================
Received Import Request.
  Time since last request: 0.000268 seconds.
  path: Assets/Free_Assets/Image/UI/Archemy Table/Archemy_Base_UI.png
  artifactKey: Guid(3b3dc8d8ec861744186006c3196d63e6) Importer(815301076,1909f56bfc062723c751e8b465ee728b)
Start importing Assets/Free_Assets/Image/UI/Archemy Table/Archemy_Base_UI.png using Guid(3b3dc8d8ec861744186006c3196d63e6) Importer(815301076,1909f56bfc062723c751e8b465ee728b)  -> (artifact id: '0abe4aa7d0ad266a258fd5d6379a930f') in 0.032700 seconds 
  Import took 0.036519 seconds .

========================================================================
Received Import Request.
  Time since last request: 0.000216 seconds.
  path: Assets/Free_Assets/Image/UI/BasicSurvivalKitComputer/BasicSurvivalKitComputer_UI_Base.png
  artifactKey: Guid(059fb22d7f1714c4da8b031e8b8c0e0e) Importer(815301076,1909f56bfc062723c751e8b465ee728b)
Start importing Assets/Free_Assets/Image/UI/BasicSurvivalKitComputer/BasicSurvivalKitComputer_UI_Base.png using Guid(059fb22d7f1714c4da8b031e8b8c0e0e) Importer(815301076,1909f56bfc062723c751e8b465ee728b)  -> (artifact id: 'e7bc8136daffb578da2ddf087c442bf2') in 0.035331 seconds 
  Import took 0.038838 seconds .

========================================================================
Received Import Request.
  Time since last request: 0.000231 seconds.
  path: Assets/Free_Assets/Image/UI/BasicSurvivalKitComputer/BasicSurvivalKitComputer_UI_ToolTip.png
  artifactKey: Guid(abf6e961127c25045a4707734a96abe1) Importer(815301076,1909f56bfc062723c751e8b465ee728b)
Start importing Assets/Free_Assets/Image/UI/BasicSurvivalKitComputer/BasicSurvivalKitComputer_UI_ToolTip.png using Guid(abf6e961127c25045a4707734a96abe1) Importer(815301076,1909f56bfc062723c751e8b465ee728b)  -> (artifact id: '01beb3b8b82c6419e62c58fb1a6e1e02') in 0.029506 seconds 
  Import took 0.033374 seconds .

========================================================================
Received Import Request.
  Time since last request: 0.000269 seconds.
  path: Assets/Free_Assets/Image/UI/Archemy Table/Archemy_Button.png
  artifactKey: Guid(409b3fd06296c514f8b4e85f05a07a02) Importer(815301076,1909f56bfc062723c751e8b465ee728b)
Start importing Assets/Free_Assets/Image/UI/Archemy Table/Archemy_Button.png using Guid(409b3fd06296c514f8b4e85f05a07a02) Importer(815301076,1909f56bfc062723c751e8b465ee728b)  -> (artifact id: 'a3759d060a179a68a017a73d7c6e3cf7') in 0.030882 seconds 
  Import took 0.035532 seconds .

========================================================================
Received Import Request.
  Time since last request: 1.175428 seconds.
  path: Assets/Free_Assets/Image/UI/Craft_Manual/Craft_Manual_Base_Arrow.png
  artifactKey: Guid(a3bcfda0f5fff6143be1d98041736d14) Importer(815301076,1909f56bfc062723c751e8b465ee728b)
Start importing Assets/Free_Assets/Image/UI/Craft_Manual/Craft_Manual_Base_Arrow.png using Guid(a3bcfda0f5fff6143be1d98041736d14) Importer(815301076,1909f56bfc062723c751e8b465ee728b)  -> (artifact id: '2cc132abaf7c66fe574afcce4fc0522f') in 0.028671 seconds 
  Import took 0.031658 seconds .

========================================================================
Received Import Request.
  Time since last request: 0.000241 seconds.
  path: Assets/Free_Assets/Image/UI/Craft_Manual/Craft_Manual_Base_Slot.png
  artifactKey: Guid(70d492c3505df564f8fcd612e2f9183a) Importer(815301076,1909f56bfc062723c751e8b465ee728b)
Start importing Assets/Free_Assets/Image/UI/Craft_Manual/Craft_Manual_Base_Slot.png using Guid(70d492c3505df564f8fcd612e2f9183a) Importer(815301076,1909f56bfc062723c751e8b465ee728b)  -> (artifact id: '6f0dd0294ed84d50896609b5eeed09dd') in 0.027246 seconds 
  Import took 0.031195 seconds .

========================================================================
Received Import Request.
  Time since last request: 0.512293 seconds.
  path: Assets/Free_Assets/Image/UI/Craft_Manual/Craft_Manual_Base_Tab.png
  artifactKey: Guid(eae4c67def9db7145919bc30355da208) Importer(815301076,1909f56bfc062723c751e8b465ee728b)
Start importing Assets/Free_Assets/Image/UI/Craft_Manual/Craft_Manual_Base_Tab.png using Guid(eae4c67def9db7145919bc30355da208) Importer(815301076,1909f56bfc062723c751e8b465ee728b)  -> (artifact id: '19861652be8011f9563caad538a2d32e') in 0.033011 seconds 
  Import took 0.037401 seconds .

========================================================================
Received Import Request.
  Time since last request: 0.000271 seconds.
  path: Assets/Free_Assets/Image/UI/Craft_Manual/Craft_Manual_Tab_1.png
  artifactKey: Guid(d8a6f45af7b8db44b8867ce7c207de93) Importer(815301076,1909f56bfc062723c751e8b465ee728b)
Start importing Assets/Free_Assets/Image/UI/Craft_Manual/Craft_Manual_Tab_1.png using Guid(d8a6f45af7b8db44b8867ce7c207de93) Importer(815301076,1909f56bfc062723c751e8b465ee728b)  -> (artifact id: 'c9b9c18fea1a2c6dbe4ffdabab7e388b') in 0.029228 seconds 
  Import took 0.032687 seconds .

========================================================================
Received Import Request.
  Time since last request: 0.000280 seconds.
  path: Assets/Free_Assets/Image/UI/Craft_Manual/Craft_Manual_Base_UI.png
  artifactKey: Guid(8643c3fac25b2d94391c7519e6834997) Importer(815301076,1909f56bfc062723c751e8b465ee728b)
Start importing Assets/Free_Assets/Image/UI/Craft_Manual/Craft_Manual_Base_UI.png using Guid(8643c3fac25b2d94391c7519e6834997) Importer(815301076,1909f56bfc062723c751e8b465ee728b)  -> (artifact id: '634644d3c7c7d4f0130e8540561eb21c') in 0.033491 seconds 
  Import took 0.037490 seconds .

========================================================================
Received Import Request.
  Time since last request: 0.000277 seconds.
  path: Assets/Free_Assets/Image/UI/Craft_Manual/Craft_Manual_Tab_2.png
  artifactKey: Guid(2d22c2d8c59c51c49836d57c40f477f2) Importer(815301076,1909f56bfc062723c751e8b465ee728b)
Start importing Assets/Free_Assets/Image/UI/Craft_Manual/Craft_Manual_Tab_2.png using Guid(2d22c2d8c59c51c49836d57c40f477f2) Importer(815301076,1909f56bfc062723c751e8b465ee728b)  -> (artifact id: '0aad80aa0fefe26713df3b309437d086') in 0.032477 seconds 
  Import took 0.035530 seconds .

========================================================================
Received Import Request.
  Time since last request: 0.000248 seconds.
  path: Assets/Free_Assets/Image/UI/Craft_Manual/Craft_Manul_BuildTab_Foundation.png
  artifactKey: Guid(f2b0dfee8a6a6ed47acb360e92427ea0) Importer(815301076,1909f56bfc062723c751e8b465ee728b)
Start importing Assets/Free_Assets/Image/UI/Craft_Manual/Craft_Manul_BuildTab_Foundation.png using Guid(f2b0dfee8a6a6ed47acb360e92427ea0) Importer(815301076,1909f56bfc062723c751e8b465ee728b)  -> (artifact id: '4225b7a9305632081ce9dd2795fd13c6') in 0.032077 seconds 
  Import took 0.036338 seconds .

========================================================================
Received Import Request.
  Time since last request: 0.000189 seconds.
  path: Assets/Free_Assets/Image/UI/Craft_Manual/Craft_Manul_BuildTab_floor.png
  artifactKey: Guid(80b9de4ede55954418db2aa236964903) Importer(815301076,1909f56bfc062723c751e8b465ee728b)
Start importing Assets/Free_Assets/Image/UI/Craft_Manual/Craft_Manul_BuildTab_floor.png using Guid(80b9de4ede55954418db2aa236964903) Importer(815301076,1909f56bfc062723c751e8b465ee728b)  -> (artifact id: '9d5fdc9e3a0087e1f365548e0ffde9d3') in 0.027758 seconds 
  Import took 0.032123 seconds .

========================================================================
Received Import Request.
  Time since last request: 0.000324 seconds.
  path: Assets/Free_Assets/Image/UI/Craft_Manual/Craft_Manual_Base_Tab.png
  artifactKey: Guid(eae4c67def9db7145919bc30355da208) Importer(815301076,1909f56bfc062723c751e8b465ee728b)
Start importing Assets/Free_Assets/Image/UI/Craft_Manual/Craft_Manual_Base_Tab.png using Guid(eae4c67def9db7145919bc30355da208) Importer(815301076,1909f56bfc062723c751e8b465ee728b)  -> (artifact id: '19861652be8011f9563caad538a2d32e') in 0.011499 seconds 
  Import took 0.014821 seconds .

========================================================================
Received Import Request.
  Time since last request: 0.000202 seconds.
  path: Assets/Free_Assets/Image/UI/Craft_Manual/Craft_Manul_BuildTab_Foundation.png
  artifactKey: Guid(f2b0dfee8a6a6ed47acb360e92427ea0) Importer(815301076,1909f56bfc062723c751e8b465ee728b)
Start importing Assets/Free_Assets/Image/UI/Craft_Manual/Craft_Manul_BuildTab_Foundation.png using Guid(f2b0dfee8a6a6ed47acb360e92427ea0) Importer(815301076,1909f56bfc062723c751e8b465ee728b)  -> (artifact id: '4225b7a9305632081ce9dd2795fd13c6') in 0.016942 seconds 
  Import took 0.020399 seconds .

========================================================================
Received Import Request.
  Time since last request: 0.085782 seconds.
  path: Assets/Free_Assets/Image/UI/Craft_Manual/Craft_Manul_BuildTab_Pillar.png
  artifactKey: Guid(717acf56daf7505419735fabb0c56899) Importer(815301076,1909f56bfc062723c751e8b465ee728b)
Start importing Assets/Free_Assets/Image/UI/Craft_Manual/Craft_Manul_BuildTab_Pillar.png using Guid(717acf56daf7505419735fabb0c56899) Importer(815301076,1909f56bfc062723c751e8b465ee728b)  -> (artifact id: 'a47005b2d5286ab4027d801522d67e4c') in 0.026336 seconds 
  Import took 0.030466 seconds .

========================================================================
Received Import Request.
  Time since last request: 0.000212 seconds.
  path: Assets/Free_Assets/Image/UI/Craft_Manual/Craft_Manul_BuildTab_Roof Cliff.png
  artifactKey: Guid(4b50bfc18647984478c5617cc0ce10f0) Importer(815301076,1909f56bfc062723c751e8b465ee728b)
Start importing Assets/Free_Assets/Image/UI/Craft_Manual/Craft_Manul_BuildTab_Roof Cliff.png using Guid(4b50bfc18647984478c5617cc0ce10f0) Importer(815301076,1909f56bfc062723c751e8b465ee728b)  -> (artifact id: '9d63ef80ed9932aba65a3d3909fd6d9d') in 0.027530 seconds 
  Import took 0.030793 seconds .

========================================================================
Received Import Request.
  Time since last request: 0.000229 seconds.
  path: Assets/Free_Assets/Image/UI/Craft_Manual/Craft_Manul_BuildTab_Stair.png
  artifactKey: Guid(96f7218b60e4fda4f893f9c00427f17c) Importer(815301076,1909f56bfc062723c751e8b465ee728b)
Start importing Assets/Free_Assets/Image/UI/Craft_Manual/Craft_Manul_BuildTab_Stair.png using Guid(96f7218b60e4fda4f893f9c00427f17c) Importer(815301076,1909f56bfc062723c751e8b465ee728b)  -> (artifact id: '6547f2483821eecd7b268b94f8b1be1b') in 0.028426 seconds 
  Import took 0.031919 seconds .

========================================================================
Received Import Request.
  Time since last request: 0.000260 seconds.
  path: Assets/Free_Assets/Image/UI/Craft_Manual/Craft_Manul_BuildTab_Roof Cliff.png
  artifactKey: Guid(4b50bfc18647984478c5617cc0ce10f0) Importer(815301076,1909f56bfc062723c751e8b465ee728b)
Start importing Assets/Free_Assets/Image/UI/Craft_Manual/Craft_Manul_BuildTab_Roof Cliff.png using Guid(4b50bfc18647984478c5617cc0ce10f0) Importer(815301076,1909f56bfc062723c751e8b465ee728b)  -> (artifact id: '9d63ef80ed9932aba65a3d3909fd6d9d') in 0.018121 seconds 
  Import took 0.021576 seconds .

========================================================================
Received Import Request.
  Time since last request: 0.000319 seconds.
  path: Assets/Free_Assets/Image/UI/Craft_Manual/Craft_Manul_BuildTab_Roof Tip.png
  artifactKey: Guid(40be93c6b640a2d438138917fd86409a) Importer(815301076,1909f56bfc062723c751e8b465ee728b)
Start importing Assets/Free_Assets/Image/UI/Craft_Manual/Craft_Manul_BuildTab_Roof Tip.png using Guid(40be93c6b640a2d438138917fd86409a) Importer(815301076,1909f56bfc062723c751e8b465ee728b)  -> (artifact id: '1acf9b606296e16121aac9b8a2face05') in 0.028538 seconds 
  Import took 0.032061 seconds .

========================================================================
Received Import Request.
  Time since last request: 0.000229 seconds.
  path: Assets/Free_Assets/Image/UI/Craft_Manual/Craft_Manul_BuildTab_Stair Pillar.png
  artifactKey: Guid(6fa170b72d3574843a80847a5d4c2bed) Importer(815301076,1909f56bfc062723c751e8b465ee728b)
Start importing Assets/Free_Assets/Image/UI/Craft_Manual/Craft_Manul_BuildTab_Stair Pillar.png using Guid(6fa170b72d3574843a80847a5d4c2bed) Importer(815301076,1909f56bfc062723c751e8b465ee728b)  -> (artifact id: 'd39a541c5484ef258d1472b8ab59f505') in 0.026340 seconds 
  Import took 0.029433 seconds .

========================================================================
Received Import Request.
  Time since last request: 0.000217 seconds.
  path: Assets/Free_Assets/Image/UI/Craft_Manual/Craft_Manul_BuildTab_Stair_Long.png
  artifactKey: Guid(183f7bf3b8bd7a1448587ca74f195c25) Importer(815301076,1909f56bfc062723c751e8b465ee728b)
Start importing Assets/Free_Assets/Image/UI/Craft_Manual/Craft_Manul_BuildTab_Stair_Long.png using Guid(183f7bf3b8bd7a1448587ca74f195c25) Importer(815301076,1909f56bfc062723c751e8b465ee728b)  -> (artifact id: 'b445c46806f7faa385094f5ee7f57b3f') in 0.029059 seconds 
  Import took 0.032211 seconds .

========================================================================
Received Import Request.
  Time since last request: 0.000220 seconds.
  path: Assets/Free_Assets/Image/UI/Craft_Manual/Craft_Manul_BuildTab_Pillar.png
  artifactKey: Guid(717acf56daf7505419735fabb0c56899) Importer(815301076,1909f56bfc062723c751e8b465ee728b)
Start importing Assets/Free_Assets/Image/UI/Craft_Manual/Craft_Manul_BuildTab_Pillar.png using Guid(717acf56daf7505419735fabb0c56899) Importer(815301076,1909f56bfc062723c751e8b465ee728b)  -> (artifact id: 'a47005b2d5286ab4027d801522d67e4c') in 0.011402 seconds 
  Import took 0.014615 seconds .

========================================================================
Received Import Request.
  Time since last request: 0.360313 seconds.
  path: Assets/Free_Assets/Image/UI/Craft_Manual/Craft_Manul_BuildTab_Wall.png
  artifactKey: Guid(c88b971201856bf429b29ab8d3431f5c) Importer(815301076,1909f56bfc062723c751e8b465ee728b)
Start importing Assets/Free_Assets/Image/UI/Craft_Manual/Craft_Manul_BuildTab_Wall.png using Guid(c88b971201856bf429b29ab8d3431f5c) Importer(815301076,1909f56bfc062723c751e8b465ee728b)  -> (artifact id: 'da6824cde199fb438460ccbf31f0a4c1') in 0.032560 seconds 
  Import took 0.037388 seconds .

========================================================================
Received Import Request.
  Time since last request: 0.000278 seconds.
  path: Assets/Free_Assets/Image/UI/Craft_Manual/Craft_Manul_BuildTab_Wooden Wall.png
  artifactKey: Guid(d8eb34a7d5d85e84fab79e99da87fdd1) Importer(815301076,1909f56bfc062723c751e8b465ee728b)
Start importing Assets/Free_Assets/Image/UI/Craft_Manual/Craft_Manul_BuildTab_Wooden Wall.png using Guid(d8eb34a7d5d85e84fab79e99da87fdd1) Importer(815301076,1909f56bfc062723c751e8b465ee728b)  -> (artifact id: '69358a506113cde1d28e2f6e5666093c') in 0.027578 seconds 
  Import took 0.031093 seconds .

========================================================================
Received Import Request.
  Time since last request: 0.000292 seconds.
  path: Assets/Free_Assets/Image/UI/Craft_Manual/Craft_Manul_BuildTab_Wall_Long.png
  artifactKey: Guid(d3ff73c5e9a8aea4faf2bca45a23c38c) Importer(815301076,1909f56bfc062723c751e8b465ee728b)
Start importing Assets/Free_Assets/Image/UI/Craft_Manual/Craft_Manul_BuildTab_Wall_Long.png using Guid(d3ff73c5e9a8aea4faf2bca45a23c38c) Importer(815301076,1909f56bfc062723c751e8b465ee728b)  -> (artifact id: '3afba1105a6f7bfdd4c7aa9a14f7e262') in 0.031104 seconds 
  Import took 0.035329 seconds .

========================================================================
Received Import Request.
  Time since last request: 0.000300 seconds.
  path: Assets/Free_Assets/Image/UI/Craft_Manual/Craft_Manul_FireTab_fire1.png
  artifactKey: Guid(57bb5ff1045c72a46b8501832aacb318) Importer(815301076,1909f56bfc062723c751e8b465ee728b)
Start importing Assets/Free_Assets/Image/UI/Craft_Manual/Craft_Manul_FireTab_fire1.png using Guid(57bb5ff1045c72a46b8501832aacb318) Importer(815301076,1909f56bfc062723c751e8b465ee728b)  -> (artifact id: '511850d6fad4389880277bc3c9916e33') in 0.027517 seconds 
  Import took 0.031699 seconds .

========================================================================
Received Import Request.
  Time since last request: 0.000320 seconds.
  path: Assets/Free_Assets/Image/UI/Craft_Manual/Craft_Manul_BuildTab_Wall_Short.png
  artifactKey: Guid(60c7ea63da36caa49bc546e590329819) Importer(815301076,1909f56bfc062723c751e8b465ee728b)
Start importing Assets/Free_Assets/Image/UI/Craft_Manual/Craft_Manul_BuildTab_Wall_Short.png using Guid(60c7ea63da36caa49bc546e590329819) Importer(815301076,1909f56bfc062723c751e8b465ee728b)  -> (artifact id: '85a260a3efcd4cdd081be9363475ad73') in 0.026206 seconds 
  Import took 0.029550 seconds .

========================================================================
Received Import Request.
  Time since last request: 0.004387 seconds.
  path: Assets/Free_Assets/Image/UI/Craft_Manual/Craft_Manul_FireTab_fire1.png
  artifactKey: Guid(57bb5ff1045c72a46b8501832aacb318) Importer(815301076,1909f56bfc062723c751e8b465ee728b)
Start importing Assets/Free_Assets/Image/UI/Craft_Manual/Craft_Manul_FireTab_fire1.png using Guid(57bb5ff1045c72a46b8501832aacb318) Importer(815301076,1909f56bfc062723c751e8b465ee728b)  -> (artifact id: '511850d6fad4389880277bc3c9916e33') in 0.017301 seconds 
  Import took 0.020297 seconds .

========================================================================
Received Import Request.
  Time since last request: 0.144505 seconds.
  path: Assets/Free_Assets/Particle System/Flame/Flame1_image.png
  artifactKey: Guid(3deb8376533546840986e5519d1aa956) Importer(815301076,1909f56bfc062723c751e8b465ee728b)
Start importing Assets/Free_Assets/Particle System/Flame/Flame1_image.png using Guid(3deb8376533546840986e5519d1aa956) Importer(815301076,1909f56bfc062723c751e8b465ee728b)  -> (artifact id: '0ba99f3dbd3edaf3b61d569f3a8d26d6') in 0.025302 seconds 
  Import took 0.028678 seconds .

========================================================================
Received Import Request.
  Time since last request: 0.000238 seconds.
  path: Assets/Free_Assets/Image/UI/Inventory/Inventory_Slot.png
  artifactKey: Guid(d77c6045fe9858e45909966cbc871931) Importer(815301076,1909f56bfc062723c751e8b465ee728b)
Start importing Assets/Free_Assets/Image/UI/Inventory/Inventory_Slot.png using Guid(d77c6045fe9858e45909966cbc871931) Importer(815301076,1909f56bfc062723c751e8b465ee728b)  -> (artifact id: '954dc5187a37ecd7224bf664f5758f44') in 0.025649 seconds 
  Import took 0.028846 seconds .

========================================================================
Received Import Request.
  Time since last request: 0.000212 seconds.
  path: Assets/Free_Assets/Image/UI/Inventory/Inventory_Base.png
  artifactKey: Guid(1b0d6e319cbb0d2419aa8ac874c6b6f2) Importer(815301076,1909f56bfc062723c751e8b465ee728b)
Start importing Assets/Free_Assets/Image/UI/Inventory/Inventory_Base.png using Guid(1b0d6e319cbb0d2419aa8ac874c6b6f2) Importer(815301076,1909f56bfc062723c751e8b465ee728b)  -> (artifact id: 'faa8c88a0592df8326e052547568d0f2') in 0.030815 seconds 
  Import took 0.034074 seconds .

========================================================================
Received Import Request.
  Time since last request: 0.000267 seconds.
  path: Assets/Free_Assets/Image/UI/Inventory/Inventory_Slot_Count_UI.png
  artifactKey: Guid(d1bd308991471b042b7a8b5c66739e6b) Importer(815301076,1909f56bfc062723c751e8b465ee728b)
Start importing Assets/Free_Assets/Image/UI/Inventory/Inventory_Slot_Count_UI.png using Guid(d1bd308991471b042b7a8b5c66739e6b) Importer(815301076,1909f56bfc062723c751e8b465ee728b)  -> (artifact id: '2bf7725e8bc63e5d8689cf099286cc2e') in 0.030647 seconds 
  Import took 0.034038 seconds .

========================================================================
Received Import Request.
  Time since last request: 0.000247 seconds.
  path: Assets/Free_Assets/Image/Item/item_axe.png
  artifactKey: Guid(4415094e70a113a45afdda80af88ed59) Importer(815301076,1909f56bfc062723c751e8b465ee728b)
Start importing Assets/Free_Assets/Image/Item/item_axe.png using Guid(4415094e70a113a45afdda80af88ed59) Importer(815301076,1909f56bfc062723c751e8b465ee728b)  -> (artifact id: '0cfbf744a480a2a471717b17dc390def') in 0.027877 seconds 
  Import took 0.031751 seconds .

========================================================================
Received Import Request.
  Time since last request: 0.000240 seconds.
  path: Assets/Free_Assets/Image/Grass/grass.png
  artifactKey: Guid(f4f881efa42ab1a4291822a7072947a7) Importer(815301076,1909f56bfc062723c751e8b465ee728b)
Start importing Assets/Free_Assets/Image/Grass/grass.png using Guid(f4f881efa42ab1a4291822a7072947a7) Importer(815301076,1909f56bfc062723c751e8b465ee728b)  -> (artifact id: '4db7c466d3451eacecc481233cfdec5f') in 0.022302 seconds 
  Import took 0.025570 seconds .

========================================================================
Received Import Request.
  Time since last request: 0.099736 seconds.
  path: Assets/Free_Assets/Image/Item/item_leaf.png
  artifactKey: Guid(07be94eb481036d4ab01f7921118563c) Importer(815301076,1909f56bfc062723c751e8b465ee728b)
Start importing Assets/Free_Assets/Image/Item/item_leaf.png using Guid(07be94eb481036d4ab01f7921118563c) Importer(815301076,1909f56bfc062723c751e8b465ee728b)  -> (artifact id: 'cd8e699af79adfd82fd94f293b3c1f01') in 0.025390 seconds 
  Import took 0.029212 seconds .

========================================================================
Received Import Request.
  Time since last request: 0.000215 seconds.
  path: Assets/Free_Assets/Image/Item/item_log.png
  artifactKey: Guid(91cd8ab4114078e46add6f38a42b35c2) Importer(815301076,1909f56bfc062723c751e8b465ee728b)
Start importing Assets/Free_Assets/Image/Item/item_log.png using Guid(91cd8ab4114078e46add6f38a42b35c2) Importer(815301076,1909f56bfc062723c751e8b465ee728b)  -> (artifact id: 'bf77b6755466e079ab94264cefa64411') in 0.025378 seconds 
  Import took 0.028429 seconds .

========================================================================
Received Import Request.
  Time since last request: 0.000226 seconds.
  path: Assets/Free_Assets/Image/Item/item_pickaxe.png
  artifactKey: Guid(adbfd738f324e2e4581b2ad543d8b811) Importer(815301076,1909f56bfc062723c751e8b465ee728b)
Start importing Assets/Free_Assets/Image/Item/item_pickaxe.png using Guid(adbfd738f324e2e4581b2ad543d8b811) Importer(815301076,1909f56bfc062723c751e8b465ee728b)  -> (artifact id: '10ca63749385e03e615760a93854dcba') in 0.027699 seconds 
  Import took 0.030942 seconds .

========================================================================
Received Import Request.
  Time since last request: 0.000235 seconds.
  path: Assets/Free_Assets/Image/Item/item_rock.png
  artifactKey: Guid(230b7ff3c89d16b46a29ae53c5f086ee) Importer(815301076,1909f56bfc062723c751e8b465ee728b)
Start importing Assets/Free_Assets/Image/Item/item_rock.png using Guid(230b7ff3c89d16b46a29ae53c5f086ee) Importer(815301076,1909f56bfc062723c751e8b465ee728b)  -> (artifact id: 'bee042f652baa100e6000339a500f337') in 0.030325 seconds 
  Import took 0.033217 seconds .

========================================================================
Received Import Request.
  Time since last request: 0.000230 seconds.
  path: Assets/Free_Assets/Image/Item/item_submachinegun2.png
  artifactKey: Guid(a7b574b5df48c034bac43cbd49e0b2bd) Importer(815301076,1909f56bfc062723c751e8b465ee728b)
Start importing Assets/Free_Assets/Image/Item/item_submachinegun2.png using Guid(a7b574b5df48c034bac43cbd49e0b2bd) Importer(815301076,1909f56bfc062723c751e8b465ee728b)  -> (artifact id: '984fa47085c6da1d7ec9345e1be065f7') in 0.027237 seconds 
  Import took 0.031113 seconds .

========================================================================
Received Import Request.
  Time since last request: 0.000245 seconds.
  path: Assets/Free_Assets/Image/Item/item_submachineGun.png
  artifactKey: Guid(f05173efce60add4fa11e15cf9f020d2) Importer(815301076,1909f56bfc062723c751e8b465ee728b)
Start importing Assets/Free_Assets/Image/Item/item_submachineGun.png using Guid(f05173efce60add4fa11e15cf9f020d2) Importer(815301076,1909f56bfc062723c751e8b465ee728b)  -> (artifact id: '51887fa9634f45fdbebbc7001970194f') in 0.025499 seconds 
  Import took 0.029111 seconds .

========================================================================
Received Import Request.
  Time since last request: 4.038576 seconds.
  path: Assets/Free_Assets/Textures/NewBrush.brush
  artifactKey: Guid(cc418021c0ec2bf4a86ba1948c5ea5dd) Importer(815301076,1909f56bfc062723c751e8b465ee728b)
Start importing Assets/Free_Assets/Textures/NewBrush.brush using Guid(cc418021c0ec2bf4a86ba1948c5ea5dd) Importer(815301076,1909f56bfc062723c751e8b465ee728b)  -> (artifact id: '1ee2fc70a3cd17677edabec42d2b4e41') in 0.034197 seconds 
  Import took 0.037859 seconds .

========================================================================
Received Import Request.
  Time since last request: 0.004290 seconds.
  path: Assets/Free_Assets/Textures/NewBrush.brush
  artifactKey: Guid(cc418021c0ec2bf4a86ba1948c5ea5dd) Importer(815301076,1909f56bfc062723c751e8b465ee728b)
Start importing Assets/Free_Assets/Textures/NewBrush.brush using Guid(cc418021c0ec2bf4a86ba1948c5ea5dd) Importer(815301076,1909f56bfc062723c751e8b465ee728b)  -> (artifact id: '1ee2fc70a3cd17677edabec42d2b4e41') in 0.016837 seconds 
  Import took 0.020109 seconds .

========================================================================
Received Import Request.
  Time since last request: 46.701261 seconds.
  path: Assets/Free_Assets/Image/Item/item_twig.png
  artifactKey: Guid(2bf823f65b024f0479b36fc3cd1e2f78) Importer(815301076,1909f56bfc062723c751e8b465ee728b)
Start importing Assets/Free_Assets/Image/Item/item_twig.png using Guid(2bf823f65b024f0479b36fc3cd1e2f78) Importer(815301076,1909f56bfc062723c751e8b465ee728b)  -> (artifact id: '92419bc002e49c91ceb7b74af62957dd') in 0.032912 seconds 
  Import took 0.036497 seconds .

========================================================================
Received Import Request.
  Time since last request: 0.000213 seconds.
  path: Assets/Free_Assets/Image/Item/item_Used_Meat_Burnt.png
  artifactKey: Guid(3adf2b161c66e124399d1a95397db822) Importer(815301076,1909f56bfc062723c751e8b465ee728b)
Start importing Assets/Free_Assets/Image/Item/item_Used_Meat_Burnt.png using Guid(3adf2b161c66e124399d1a95397db822) Importer(815301076,1909f56bfc062723c751e8b465ee728b)  -> (artifact id: '47ef41f521339220b26028deefb08ff5') in 0.027573 seconds 
  Import took 0.030719 seconds .

========================================================================
Received Import Request.
  Time since last request: 0.000225 seconds.
  path: Assets/Free_Assets/Image/UI/Oxygen/Oxygen_Base_Gauge.png
  artifactKey: Guid(1a1d0a92ae2e5654f9b7381d9f54d6a9) Importer(815301076,1909f56bfc062723c751e8b465ee728b)
Start importing Assets/Free_Assets/Image/UI/Oxygen/Oxygen_Base_Gauge.png using Guid(1a1d0a92ae2e5654f9b7381d9f54d6a9) Importer(815301076,1909f56bfc062723c751e8b465ee728b)  -> (artifact id: '49a35d50bb56e97abff29c05a495630b') in 0.027235 seconds 
  Import took 0.030652 seconds .

========================================================================
Received Import Request.
  Time since last request: 0.000193 seconds.
  path: Assets/Free_Assets/Image/Item/item_Used_Green_Potion.png
  artifactKey: Guid(ff223fb3c2a988c4fbf9d0bec2ac04e3) Importer(815301076,1909f56bfc062723c751e8b465ee728b)
Start importing Assets/Free_Assets/Image/Item/item_Used_Green_Potion.png using Guid(ff223fb3c2a988c4fbf9d0bec2ac04e3) Importer(815301076,1909f56bfc062723c751e8b465ee728b)  -> (artifact id: '4ce261952cc6eaf4b69c16d56bed528e') in 0.029961 seconds 
  Import took 0.033633 seconds .

========================================================================
Received Import Request.
  Time since last request: 0.000275 seconds.
  path: Assets/Free_Assets/Image/UI/Oxygen/Oxygen_Base_UI.png
  artifactKey: Guid(97f2390bc3f4a6f47b3c9eaeeebc49dc) Importer(815301076,1909f56bfc062723c751e8b465ee728b)
Start importing Assets/Free_Assets/Image/UI/Oxygen/Oxygen_Base_UI.png using Guid(97f2390bc3f4a6f47b3c9eaeeebc49dc) Importer(815301076,1909f56bfc062723c751e8b465ee728b)  -> (artifact id: '02a263b6d3f5c3a7f547cbe27f690b8c') in 0.025967 seconds 
  Import took 0.029432 seconds .

========================================================================
Received Import Request.
  Time since last request: 0.000249 seconds.
  path: Assets/Free_Assets/Image/UI/Quick Slot/QuickSlot_UI_Equiped.png
  artifactKey: Guid(83e4bea196f5a5145b6336e63fb60a59) Importer(815301076,1909f56bfc062723c751e8b465ee728b)
Start importing Assets/Free_Assets/Image/UI/Quick Slot/QuickSlot_UI_Equiped.png using Guid(83e4bea196f5a5145b6336e63fb60a59) Importer(815301076,1909f56bfc062723c751e8b465ee728b)  -> (artifact id: '8727d771f973ebe96fdd74a63902728f') in 0.024243 seconds 
  Import took 0.028047 seconds .

========================================================================
Received Import Request.
  Time since last request: 0.000215 seconds.
  path: Assets/Free_Assets/Image/UI/Pose/Pose_Stand.png
  artifactKey: Guid(39626064d7b37ee4088c41bffa61bbd8) Importer(815301076,1909f56bfc062723c751e8b465ee728b)
Start importing Assets/Free_Assets/Image/UI/Pose/Pose_Stand.png using Guid(39626064d7b37ee4088c41bffa61bbd8) Importer(815301076,1909f56bfc062723c751e8b465ee728b)  -> (artifact id: 'd3f632f6e758ee1f3638382657f49ae6') in 0.021997 seconds 
  Import took 0.025258 seconds .

========================================================================
Received Import Request.
  Time since last request: 0.000249 seconds.
  path: Assets/Free_Assets/Image/Item/item_Used_Meat_Raw.png
  artifactKey: Guid(ca453d120660aa944867a58e48ec1489) Importer(815301076,1909f56bfc062723c751e8b465ee728b)
Start importing Assets/Free_Assets/Image/Item/item_Used_Meat_Raw.png using Guid(ca453d120660aa944867a58e48ec1489) Importer(815301076,1909f56bfc062723c751e8b465ee728b)  -> (artifact id: '97f4de26f8a62117cfa997535485508f') in 0.027097 seconds 
  Import took 0.030850 seconds .

========================================================================
Received Import Request.
  Time since last request: 0.000240 seconds.
  path: Assets/Free_Assets/Image/Item/item_Used_Yellow_Potion.png
  artifactKey: Guid(17577f54a4e6f904d8a75c990bf1fab6) Importer(815301076,1909f56bfc062723c751e8b465ee728b)
Start importing Assets/Free_Assets/Image/Item/item_Used_Yellow_Potion.png using Guid(17577f54a4e6f904d8a75c990bf1fab6) Importer(815301076,1909f56bfc062723c751e8b465ee728b)  -> (artifact id: '83be436c8605c18a97aca9ab020425e7') in 0.025215 seconds 
  Import took 0.028344 seconds .

========================================================================
Received Import Request.
  Time since last request: 0.000218 seconds.
  path: Assets/Free_Assets/Image/UI/Quick Slot/QuickSlot_UI_Selected.png
  artifactKey: Guid(6f2cf95f76f0b9c41ae3f63e62ae775c) Importer(815301076,1909f56bfc062723c751e8b465ee728b)
Start importing Assets/Free_Assets/Image/UI/Quick Slot/QuickSlot_UI_Selected.png using Guid(6f2cf95f76f0b9c41ae3f63e62ae775c) Importer(815301076,1909f56bfc062723c751e8b465ee728b)  -> (artifact id: '8aa0cd965abbd9fe6f19fc52b6022d59') in 0.028463 seconds 
  Import took 0.032067 seconds .

========================================================================
Received Import Request.
  Time since last request: 0.000206 seconds.
  path: Assets/Free_Assets/Image/UI/Status/Status_DP.png
  artifactKey: Guid(ed43d306a4185f543828e4c3190f16d8) Importer(815301076,1909f56bfc062723c751e8b465ee728b)
Start importing Assets/Free_Assets/Image/UI/Status/Status_DP.png using Guid(ed43d306a4185f543828e4c3190f16d8) Importer(815301076,1909f56bfc062723c751e8b465ee728b)  -> (artifact id: 'f354f02429fcd255b18d0a76bbee0029') in 0.027772 seconds 
  Import took 0.031691 seconds .

========================================================================
Received Import Request.
  Time since last request: 0.000246 seconds.
  path: Assets/Free_Assets/Image/UI/Status/Status_Base_UI.png
  artifactKey: Guid(f0d61546e15ebf04ea0f9b8774109752) Importer(815301076,1909f56bfc062723c751e8b465ee728b)
Start importing Assets/Free_Assets/Image/UI/Status/Status_Base_UI.png using Guid(f0d61546e15ebf04ea0f9b8774109752) Importer(815301076,1909f56bfc062723c751e8b465ee728b)  -> (artifact id: '30ac67a007cfcd61c83048101af53bc9') in 0.028841 seconds 
  Import took 0.032894 seconds .

========================================================================
Received Import Request.
  Time since last request: 0.000262 seconds.
  path: Assets/Free_Assets/Image/UI/Status/Status_Bullet_Base.png
  artifactKey: Guid(ade120171f0ded241890f8e34c6f947b) Importer(815301076,1909f56bfc062723c751e8b465ee728b)
Start importing Assets/Free_Assets/Image/UI/Status/Status_Bullet_Base.png using Guid(ade120171f0ded241890f8e34c6f947b) Importer(815301076,1909f56bfc062723c751e8b465ee728b)  -> (artifact id: '39fbf8d9c3e7170f6548e10e81e282af') in 0.030477 seconds 
  Import took 0.033594 seconds .

========================================================================
Received Import Request.
  Time since last request: 0.000271 seconds.
  path: Assets/Free_Assets/Image/Item/item_Used_Red_Potion.png
  artifactKey: Guid(0e6a6b91338462b49b8f4ddf59740361) Importer(815301076,1909f56bfc062723c751e8b465ee728b)
Start importing Assets/Free_Assets/Image/Item/item_Used_Red_Potion.png using Guid(0e6a6b91338462b49b8f4ddf59740361) Importer(815301076,1909f56bfc062723c751e8b465ee728b)  -> (artifact id: '0e44fa135a2c123edde6c6d7f345ea39') in 0.029621 seconds 
  Import took 0.033179 seconds .

========================================================================
Received Import Request.
  Time since last request: 0.000246 seconds.
  path: Assets/Free_Assets/Image/UI/Pose/Pose_Sit.png
  artifactKey: Guid(e016bb99ca930474ea3446cde248a852) Importer(815301076,1909f56bfc062723c751e8b465ee728b)
Start importing Assets/Free_Assets/Image/UI/Pose/Pose_Sit.png using Guid(e016bb99ca930474ea3446cde248a852) Importer(815301076,1909f56bfc062723c751e8b465ee728b)  -> (artifact id: '8be241eae60e6ab7365fd1f8d0af3ae4') in 0.027889 seconds 
  Import took 0.031071 seconds .

========================================================================
Received Import Request.
  Time since last request: 0.000286 seconds.
  path: Assets/Free_Assets/Image/UI/Status/Status_Satisfy.png
  artifactKey: Guid(d56df122fdeb9314b992ae9bfee86301) Importer(815301076,1909f56bfc062723c751e8b465ee728b)
Start importing Assets/Free_Assets/Image/UI/Status/Status_Satisfy.png using Guid(d56df122fdeb9314b992ae9bfee86301) Importer(815301076,1909f56bfc062723c751e8b465ee728b)  -> (artifact id: '8ecc33d9d9bdeb865a1e135ab5594bb1') in 0.027319 seconds 
  Import took 0.030825 seconds .

========================================================================
Received Import Request.
  Time since last request: 0.000239 seconds.
  path: Assets/Free_Assets/Image/UI/Status/Status_HP.png
  artifactKey: Guid(3335de43b7fe0d1448b0e84ffa77488a) Importer(815301076,1909f56bfc062723c751e8b465ee728b)
Start importing Assets/Free_Assets/Image/UI/Status/Status_HP.png using Guid(3335de43b7fe0d1448b0e84ffa77488a) Importer(815301076,1909f56bfc062723c751e8b465ee728b)  -> (artifact id: '64edf06e688df0203a7987540f0e6e88') in 0.028934 seconds 
  Import took 0.032304 seconds .

========================================================================
Received Import Request.
  Time since last request: 0.000233 seconds.
  path: Assets/Free_Assets/Water Shader/Water Bump.jpg
  artifactKey: Guid(c0499860b34a01d45ab4153de9ee542a) Importer(815301076,1909f56bfc062723c751e8b465ee728b)
Start importing Assets/Free_Assets/Water Shader/Water Bump.jpg using Guid(c0499860b34a01d45ab4153de9ee542a) Importer(815301076,1909f56bfc062723c751e8b465ee728b)  -> (artifact id: 'ac0d3aa3e313ba701f4c49f260bb8ea3') in 0.027105 seconds 
  Import took 0.030490 seconds .

========================================================================
Received Import Request.
  Time since last request: 0.000393 seconds.
  path: Assets/Free_Assets/Image/UI/Status/Status_Hungry.png
  artifactKey: Guid(ea67c4787244f4f4080f0625959e2d98) Importer(815301076,1909f56bfc062723c751e8b465ee728b)
Start importing Assets/Free_Assets/Image/UI/Status/Status_Hungry.png using Guid(ea67c4787244f4f4080f0625959e2d98) Importer(815301076,1909f56bfc062723c751e8b465ee728b)  -> (artifact id: '90f4755465d9e7ecf73dc457ddeaef9c') in 0.027163 seconds 
  Import took 0.030834 seconds .

========================================================================
Received Import Request.
  Time since last request: 0.000250 seconds.
  path: Assets/Free_Assets/Image/UI/Status/Status_Thirsty.png
  artifactKey: Guid(a681fdc40359a8747920a7a34fa4f4b2) Importer(815301076,1909f56bfc062723c751e8b465ee728b)
Start importing Assets/Free_Assets/Image/UI/Status/Status_Thirsty.png using Guid(a681fdc40359a8747920a7a34fa4f4b2) Importer(815301076,1909f56bfc062723c751e8b465ee728b)  -> (artifact id: '56ca9c745ef54948dd8ca7b36cc535de') in 0.031429 seconds 
  Import took 0.034480 seconds .

========================================================================
Received Import Request.
  Time since last request: 0.000189 seconds.
  path: Assets/Free_Assets/Image/UI/Status/Status_DP_Top.png
  artifactKey: Guid(553dacccb32f66546b9734e5465cadca) Importer(815301076,1909f56bfc062723c751e8b465ee728b)
Start importing Assets/Free_Assets/Image/UI/Status/Status_DP_Top.png using Guid(553dacccb32f66546b9734e5465cadca) Importer(815301076,1909f56bfc062723c751e8b465ee728b)  -> (artifact id: 'ac151c56860d1dd04e6df68e45cb49b7') in 0.026736 seconds 
  Import took 0.030062 seconds .

========================================================================
Received Import Request.
  Time since last request: 0.000312 seconds.
  path: Assets/Free_Assets/Image/UI/Status/Status_Stamina.png
  artifactKey: Guid(cf9e76f2c6cd7ae4cb94280783cba32b) Importer(815301076,1909f56bfc062723c751e8b465ee728b)
Start importing Assets/Free_Assets/Image/UI/Status/Status_Stamina.png using Guid(cf9e76f2c6cd7ae4cb94280783cba32b) Importer(815301076,1909f56bfc062723c751e8b465ee728b)  -> (artifact id: '750177102d80955515a8390d661dae2b') in 0.024869 seconds 
  Import took 0.028302 seconds .

========================================================================
Received Import Request.
  Time since last request: 0.000221 seconds.
  path: Assets/Free_Assets/Image/Item/item_Used_Meat_Cooked.png
  artifactKey: Guid(69d8607f23a95fb41a5d27554904263b) Importer(815301076,1909f56bfc062723c751e8b465ee728b)
Start importing Assets/Free_Assets/Image/Item/item_Used_Meat_Cooked.png using Guid(69d8607f23a95fb41a5d27554904263b) Importer(815301076,1909f56bfc062723c751e8b465ee728b)  -> (artifact id: 'add48f48bea1d62924adf15203192ae5') in 0.033060 seconds 
  Import took 0.036814 seconds .

========================================================================
Received Import Request.
  Time since last request: 0.000383 seconds.
  path: Assets/Free_Assets/Image/UI/Quick Slot/QuickSlot_UI_Base.png
  artifactKey: Guid(55328a57f2a6a3945bed5a3d57aaadcd) Importer(815301076,1909f56bfc062723c751e8b465ee728b)
Start importing Assets/Free_Assets/Image/UI/Quick Slot/QuickSlot_UI_Base.png using Guid(55328a57f2a6a3945bed5a3d57aaadcd) Importer(815301076,1909f56bfc062723c751e8b465ee728b)  -> (artifact id: '379889e4e1ad6269be2f32ce4e8908be') in 0.024080 seconds 
  Import took 0.027453 seconds .

========================================================================
Received Prepare
Registering precompiled user dll's ...
Registered in 0.014931 seconds.
Begin MonoManager ReloadAssembly
Native extension for WindowsStandalone target not found
Refreshing native plugins compatible for Editor in 0.57 ms, found 2 plugins.
Preloading 0 native plugins for Editor in 0.00 ms.
Mono: successfully reloaded assembly
- Completed reload, in  1.404 seconds
Domain Reload Profiling:
	ReloadAssembly (1405ms)
		BeginReloadAssembly (141ms)
			ExecutionOrderSort (0ms)
			DisableScriptedObjects (6ms)
			BackupInstance (0ms)
			ReleaseScriptingObjects (0ms)
			CreateAndSetChildDomain (43ms)
		EndReloadAssembly (1171ms)
			LoadAssemblies (151ms)
			RebuildTransferFunctionScriptingTraits (0ms)
			SetupTypeCache (371ms)
			ReleaseScriptCaches (1ms)
			RebuildScriptCaches (55ms)
			SetupLoadedEditorAssemblies (432ms)
				LogAssemblyErrors (0ms)
				InitializePlatformSupportModulesInManaged (8ms)
				SetLoadedEditorAssemblies (1ms)
				RefreshPlugins (1ms)
				BeforeProcessingInitializeOnLoad (140ms)
				ProcessInitializeOnLoadAttributes (269ms)
				ProcessInitializeOnLoadMethodAttributes (5ms)
				AfterProcessingInitializeOnLoad (8ms)
				EditorAssembliesLoaded (0ms)
			ExecutionOrderSort2 (0ms)
			AwakeInstancesAfterBackupRestoration (8ms)
Platform modules already initialized, skipping
Refreshing native plugins compatible for Editor in 0.37 ms, found 2 plugins.
Preloading 0 native plugins for Editor in 0.00 ms.
Unloading 1442 Unused Serialized files (Serialized files now loaded: 0)
System memory in use before: 82.2 MB.
System memory in use after: 82.3 MB.

Unloading 14 unused Assets to reduce memory usage. Loaded Objects now: 1968.
Total: 2.395900 ms (FindLiveObjects: 0.193300 ms CreateObjectMapping: 0.039600 ms MarkObjects: 2.082900 ms  DeleteObjects: 0.078500 ms)

AssetImportParameters requested are different than current active one (requested -> active):
  custom:framework-win-MediaFoundation: 216162199b28c13a410421893ffa2e32 -> 
  custom:video-decoder-ogg-theora: a1e56fd34408186e4bbccfd4996cb3dc -> 
  custom:container-muxer-webm: aa71ff27fc2769a1b78a27578f13a17b -> 
  custom:container-demuxer-webm: 4f35f7cbe854078d1ac9338744f61a02 -> 
  custom:container-demuxer-ogg: 62fdf1f143b41e24485cea50d1cbac27 -> 
  custom:video-encoder-webm-vp8: eb34c28f22e8b96e1ab97ce403110664 -> 
  custom:video-decoder-webm-vp8: 9c59270c3fd7afecdb556c50c9e8de78 -> 
  custom:audio-decoder-ogg-vorbis: bf7c407c2cedff20999df2af8eb42d56 -> 
  custom:audio-encoder-webm-vorbis: bf7c407c2cedff20999df2af8eb42d56 -> 
========================================================================
Received Import Request.
  Time since last request: 167.665305 seconds.
  path: Assets/Free_Assets/New Terrain Material.mat
  artifactKey: Guid(d0c8d0ba9ec8d63408d504d7c43be018) Importer(815301076,1909f56bfc062723c751e8b465ee728b)
Start importing Assets/Free_Assets/New Terrain Material.mat using Guid(d0c8d0ba9ec8d63408d504d7c43be018) Importer(815301076,1909f56bfc062723c751e8b465ee728b)  -> (artifact id: 'ccc95744bcf164e89e5ed56d18477c51') in 0.111955 seconds 
  Import took 0.115116 seconds .

========================================================================
Received Prepare
Registering precompiled user dll's ...
Registered in 0.006346 seconds.
Begin MonoManager ReloadAssembly
Native extension for WindowsStandalone target not found
Refreshing native plugins compatible for Editor in 0.39 ms, found 2 plugins.
Preloading 0 native plugins for Editor in 0.00 ms.
Mono: successfully reloaded assembly
- Completed reload, in  1.433 seconds
Domain Reload Profiling:
	ReloadAssembly (1434ms)
		BeginReloadAssembly (188ms)
			ExecutionOrderSort (0ms)
			DisableScriptedObjects (10ms)
			BackupInstance (0ms)
			ReleaseScriptingObjects (0ms)
			CreateAndSetChildDomain (66ms)
		EndReloadAssembly (1147ms)
			LoadAssemblies (121ms)
			RebuildTransferFunctionScriptingTraits (0ms)
			SetupTypeCache (440ms)
			ReleaseScriptCaches (1ms)
			RebuildScriptCaches (44ms)
			SetupLoadedEditorAssemblies (427ms)
				LogAssemblyErrors (0ms)
				InitializePlatformSupportModulesInManaged (6ms)
				SetLoadedEditorAssemblies (1ms)
				RefreshPlugins (0ms)
				BeforeProcessingInitializeOnLoad (133ms)
				ProcessInitializeOnLoadAttributes (273ms)
				ProcessInitializeOnLoadMethodAttributes (6ms)
				AfterProcessingInitializeOnLoad (9ms)
				EditorAssembliesLoaded (0ms)
			ExecutionOrderSort2 (0ms)
			AwakeInstancesAfterBackupRestoration (9ms)
Platform modules already initialized, skipping
Refreshing native plugins compatible for Editor in 0.37 ms, found 2 plugins.
Preloading 0 native plugins for Editor in 0.00 ms.
Unloading 1442 Unused Serialized files (Serialized files now loaded: 0)
System memory in use before: 82.5 MB.
System memory in use after: 82.6 MB.

Unloading 14 unused Assets to reduce memory usage. Loaded Objects now: 2008.
Total: 2.205100 ms (FindLiveObjects: 0.201400 ms CreateObjectMapping: 0.037900 ms MarkObjects: 1.890400 ms  DeleteObjects: 0.073900 ms)

AssetImportParameters requested are different than current active one (requested -> active):
  custom:framework-win-MediaFoundation: 216162199b28c13a410421893ffa2e32 -> 
  custom:video-decoder-ogg-theora: a1e56fd34408186e4bbccfd4996cb3dc -> 
  custom:container-muxer-webm: aa71ff27fc2769a1b78a27578f13a17b -> 
  custom:container-demuxer-webm: 4f35f7cbe854078d1ac9338744f61a02 -> 
  custom:container-demuxer-ogg: 62fdf1f143b41e24485cea50d1cbac27 -> 
  custom:video-encoder-webm-vp8: eb34c28f22e8b96e1ab97ce403110664 -> 
  custom:video-decoder-webm-vp8: 9c59270c3fd7afecdb556c50c9e8de78 -> 
  custom:audio-decoder-ogg-vorbis: bf7c407c2cedff20999df2af8eb42d56 -> 
  custom:audio-encoder-webm-vorbis: bf7c407c2cedff20999df2af8eb42d56 -> 
========================================================================
Received Import Request.
  Time since last request: 421.018770 seconds.
  path: Assets/Free_Assets/Image/Grass
  artifactKey: Guid(89fcb43711c54d947bd843a5639235b5) Importer(815301076,1909f56bfc062723c751e8b465ee728b)
Start importing Assets/Free_Assets/Image/Grass using Guid(89fcb43711c54d947bd843a5639235b5) Importer(815301076,1909f56bfc062723c751e8b465ee728b)  -> (artifact id: '59dcfebf7e4b931afd12318160ace48a') in 0.020539 seconds 
  Import took 0.025361 seconds .

========================================================================
Received Prepare
Registering precompiled user dll's ...
Registered in 0.004633 seconds.
Begin MonoManager ReloadAssembly
Native extension for WindowsStandalone target not found
Refreshing native plugins compatible for Editor in 0.64 ms, found 2 plugins.
Preloading 0 native plugins for Editor in 0.00 ms.
Mono: successfully reloaded assembly
- Completed reload, in  1.690 seconds
Domain Reload Profiling:
	ReloadAssembly (1691ms)
		BeginReloadAssembly (185ms)
			ExecutionOrderSort (0ms)
			DisableScriptedObjects (8ms)
			BackupInstance (0ms)
			ReleaseScriptingObjects (0ms)
			CreateAndSetChildDomain (60ms)
		EndReloadAssembly (1398ms)
			LoadAssemblies (144ms)
			RebuildTransferFunctionScriptingTraits (0ms)
			SetupTypeCache (524ms)
			ReleaseScriptCaches (2ms)
			RebuildScriptCaches (61ms)
			SetupLoadedEditorAssemblies (503ms)
				LogAssemblyErrors (0ms)
				InitializePlatformSupportModulesInManaged (9ms)
				SetLoadedEditorAssemblies (1ms)
				RefreshPlugins (1ms)
				BeforeProcessingInitializeOnLoad (146ms)
				ProcessInitializeOnLoadAttributes (330ms)
				ProcessInitializeOnLoadMethodAttributes (7ms)
				AfterProcessingInitializeOnLoad (10ms)
				EditorAssembliesLoaded (0ms)
			ExecutionOrderSort2 (0ms)
			AwakeInstancesAfterBackupRestoration (12ms)
Platform modules already initialized, skipping
Refreshing native plugins compatible for Editor in 0.58 ms, found 2 plugins.
Preloading 0 native plugins for Editor in 0.00 ms.
Unloading 1442 Unused Serialized files (Serialized files now loaded: 0)
System memory in use before: 82.5 MB.
System memory in use after: 82.6 MB.

Unloading 14 unused Assets to reduce memory usage. Loaded Objects now: 2011.
Total: 4.127300 ms (FindLiveObjects: 0.379400 ms CreateObjectMapping: 0.046100 ms MarkObjects: 3.574000 ms  DeleteObjects: 0.122700 ms)

AssetImportParameters requested are different than current active one (requested -> active):
  custom:framework-win-MediaFoundation: 216162199b28c13a410421893ffa2e32 -> 
  custom:video-decoder-ogg-theora: a1e56fd34408186e4bbccfd4996cb3dc -> 
  custom:container-muxer-webm: aa71ff27fc2769a1b78a27578f13a17b -> 
  custom:container-demuxer-webm: 4f35f7cbe854078d1ac9338744f61a02 -> 
  custom:container-demuxer-ogg: 62fdf1f143b41e24485cea50d1cbac27 -> 
  custom:video-encoder-webm-vp8: eb34c28f22e8b96e1ab97ce403110664 -> 
  custom:video-decoder-webm-vp8: 9c59270c3fd7afecdb556c50c9e8de78 -> 
  custom:audio-decoder-ogg-vorbis: bf7c407c2cedff20999df2af8eb42d56 -> 
  custom:audio-encoder-webm-vorbis: bf7c407c2cedff20999df2af8eb42d56 -> 
========================================================================
Received Prepare
Registering precompiled user dll's ...
Registered in 0.004657 seconds.
Begin MonoManager ReloadAssembly
Native extension for WindowsStandalone target not found
Refreshing native plugins compatible for Editor in 0.45 ms, found 2 plugins.
Preloading 0 native plugins for Editor in 0.00 ms.
Mono: successfully reloaded assembly
- Completed reload, in  1.380 seconds
Domain Reload Profiling:
	ReloadAssembly (1381ms)
		BeginReloadAssembly (171ms)
			ExecutionOrderSort (0ms)
			DisableScriptedObjects (6ms)
			BackupInstance (0ms)
			ReleaseScriptingObjects (0ms)
			CreateAndSetChildDomain (57ms)
		EndReloadAssembly (1124ms)
			LoadAssemblies (122ms)
			RebuildTransferFunctionScriptingTraits (0ms)
			SetupTypeCache (367ms)
			ReleaseScriptCaches (1ms)
			RebuildScriptCaches (55ms)
			SetupLoadedEditorAssemblies (431ms)
				LogAssemblyErrors (0ms)
				InitializePlatformSupportModulesInManaged (8ms)
				SetLoadedEditorAssemblies (1ms)
				RefreshPlugins (1ms)
				BeforeProcessingInitializeOnLoad (120ms)
				ProcessInitializeOnLoadAttributes (282ms)
				ProcessInitializeOnLoadMethodAttributes (8ms)
				AfterProcessingInitializeOnLoad (11ms)
				EditorAssembliesLoaded (0ms)
			ExecutionOrderSort2 (0ms)
			AwakeInstancesAfterBackupRestoration (10ms)
Platform modules already initialized, skipping
Refreshing native plugins compatible for Editor in 0.50 ms, found 2 plugins.
Preloading 0 native plugins for Editor in 0.00 ms.
Unloading 1442 Unused Serialized files (Serialized files now loaded: 0)
System memory in use before: 82.5 MB.
System memory in use after: 82.6 MB.

Unloading 14 unused Assets to reduce memory usage. Loaded Objects now: 2014.
Total: 3.958400 ms (FindLiveObjects: 0.257900 ms CreateObjectMapping: 0.065200 ms MarkObjects: 3.514600 ms  DeleteObjects: 0.118900 ms)

AssetImportParameters requested are different than current active one (requested -> active):
  custom:framework-win-MediaFoundation: 216162199b28c13a410421893ffa2e32 -> 
  custom:video-decoder-ogg-theora: a1e56fd34408186e4bbccfd4996cb3dc -> 
  custom:container-muxer-webm: aa71ff27fc2769a1b78a27578f13a17b -> 
  custom:container-demuxer-webm: 4f35f7cbe854078d1ac9338744f61a02 -> 
  custom:container-demuxer-ogg: 62fdf1f143b41e24485cea50d1cbac27 -> 
  custom:video-encoder-webm-vp8: eb34c28f22e8b96e1ab97ce403110664 -> 
  custom:video-decoder-webm-vp8: 9c59270c3fd7afecdb556c50c9e8de78 -> 
  custom:audio-decoder-ogg-vorbis: bf7c407c2cedff20999df2af8eb42d56 -> 
  custom:audio-encoder-webm-vorbis: bf7c407c2cedff20999df2af8eb42d56 -> 
========================================================================
Received Import Request.
  Time since last request: 889.239265 seconds.
  path: Assets/Free_Assets/3D Model/Rock_Debris.fbx
  artifactKey: Guid(a92d3c87b25a64542b837a02f2a1eddc) Importer(815301076,1909f56bfc062723c751e8b465ee728b)
Start importing Assets/Free_Assets/3D Model/Rock_Debris.fbx using Guid(a92d3c87b25a64542b837a02f2a1eddc) Importer(815301076,1909f56bfc062723c751e8b465ee728b)  -> (artifact id: 'd95d36a325f5d5c33e0206794756897f') in 0.431332 seconds 
  Import took 0.436315 seconds .

========================================================================
Received Import Request.
  Time since last request: 0.000296 seconds.
  path: Assets/Free_Assets/3D Model/rocket.fbx
  artifactKey: Guid(46377f1a2f7ed62488bd9525d4a51c27) Importer(815301076,1909f56bfc062723c751e8b465ee728b)
Start importing Assets/Free_Assets/3D Model/rocket.fbx using Guid(46377f1a2f7ed62488bd9525d4a51c27) Importer(815301076,1909f56bfc062723c751e8b465ee728b)  -> (artifact id: '9cba44ef55c774e3b2c21d0c0a8ad7b2') in 0.093965 seconds 
  Import took 0.097503 seconds .

========================================================================
Received Import Request.
  Time since last request: 0.181369 seconds.
  path: Assets/Free_Assets/3D Model/rocket_computer.fbx
  artifactKey: Guid(0e6d33aba9da23e4dbba90ee192acb70) Importer(815301076,1909f56bfc062723c751e8b465ee728b)
Start importing Assets/Free_Assets/3D Model/rocket_computer.fbx using Guid(0e6d33aba9da23e4dbba90ee192acb70) Importer(815301076,1909f56bfc062723c751e8b465ee728b)  -> (artifact id: '3fca14d54e309c360f312006218203c0') in 0.064443 seconds 
  Import took 0.068810 seconds .

========================================================================
Received Import Request.
  Time since last request: 0.000288 seconds.
  path: Assets/Free_Assets/3D Model/Stair.fbx
  artifactKey: Guid(9752bde1ab5c7224e9f90331665a850e) Importer(815301076,1909f56bfc062723c751e8b465ee728b)
Start importing Assets/Free_Assets/3D Model/Stair.fbx using Guid(9752bde1ab5c7224e9f90331665a850e) Importer(815301076,1909f56bfc062723c751e8b465ee728b)  -> (artifact id: '0e03bbe28b1243ff60d165e05de9b49f') in 0.089319 seconds 
  Import took 0.093148 seconds .

========================================================================
Received Import Request.
  Time since last request: 0.000222 seconds.
  path: Assets/Free_Assets/3D Model/Stair Pillar.fbx
  artifactKey: Guid(3a4f9b1bf03219247b95f027244aa4d9) Importer(815301076,1909f56bfc062723c751e8b465ee728b)
Start importing Assets/Free_Assets/3D Model/Stair Pillar.fbx using Guid(3a4f9b1bf03219247b95f027244aa4d9) Importer(815301076,1909f56bfc062723c751e8b465ee728b)  -> (artifact id: '5a309aeb68bf99c19cedef69af05ee56') in 0.040664 seconds 
  Import took 0.043852 seconds .

========================================================================
Received Import Request.
  Time since last request: 0.408380 seconds.
  path: Assets/Free_Assets/3D Model/SubMachineGun.fbx
  artifactKey: Guid(fce25f17a9680534f930aea0dd106d7b) Importer(815301076,1909f56bfc062723c751e8b465ee728b)
Start importing Assets/Free_Assets/3D Model/SubMachineGun.fbx using Guid(fce25f17a9680534f930aea0dd106d7b) Importer(815301076,1909f56bfc062723c751e8b465ee728b)  -> (artifact id: '675b514a210a113698844f311a7ffa5a') in 0.074593 seconds 
  Import took 0.079642 seconds .

========================================================================
Received Import Request.
  Time since last request: 0.000261 seconds.
  path: Assets/Free_Assets/3D Model/SubMachineGun2.fbx
  artifactKey: Guid(c57c9ed8e57ea9143a5611135c13b9be) Importer(815301076,1909f56bfc062723c751e8b465ee728b)
Start importing Assets/Free_Assets/3D Model/SubMachineGun2.fbx using Guid(c57c9ed8e57ea9143a5611135c13b9be) Importer(815301076,1909f56bfc062723c751e8b465ee728b)  -> (artifact id: 'd9391f51bd3d6fd43bd38bb5172c2af6') in 0.066829 seconds 
  Import took 0.070974 seconds .

========================================================================
Received Import Request.
  Time since last request: 0.000319 seconds.
  path: Assets/Free_Assets/3D Model/test.fbx
  artifactKey: Guid(b02f550ade4727d4fa819e75d1bb44b7) Importer(815301076,1909f56bfc062723c751e8b465ee728b)
Start importing Assets/Free_Assets/3D Model/test.fbx using Guid(b02f550ade4727d4fa819e75d1bb44b7) Importer(815301076,1909f56bfc062723c751e8b465ee728b)  -> (artifact id: '99af706997305efa5ea61b824e024a34') in 0.043423 seconds 
  Import took 0.046852 seconds .

========================================================================
Received Import Request.
  Time since last request: 0.000216 seconds.
  path: Assets/Free_Assets/3D Model/tree_debris.fbx
  artifactKey: Guid(9bc2c4be0d4e3cd4ebba19b1e77ad578) Importer(815301076,1909f56bfc062723c751e8b465ee728b)
Start importing Assets/Free_Assets/3D Model/tree_debris.fbx using Guid(9bc2c4be0d4e3cd4ebba19b1e77ad578) Importer(815301076,1909f56bfc062723c751e8b465ee728b)  -> (artifact id: '92598ace14ec80faa1987182766bef6e') in 0.216370 seconds 
  Import took 0.219606 seconds .

========================================================================
Received Import Request.
  Time since last request: 0.000262 seconds.
  path: Assets/Free_Assets/3D Model/SubMachineGun.fbx
  artifactKey: Guid(fce25f17a9680534f930aea0dd106d7b) Importer(815301076,1909f56bfc062723c751e8b465ee728b)
Start importing Assets/Free_Assets/3D Model/SubMachineGun.fbx using Guid(fce25f17a9680534f930aea0dd106d7b) Importer(815301076,1909f56bfc062723c751e8b465ee728b)  -> (artifact id: '675b514a210a113698844f311a7ffa5a') in 0.070878 seconds 
  Import took 0.074169 seconds .

========================================================================
Received Prepare
Registering precompiled user dll's ...
Registered in 0.004738 seconds.
Begin MonoManager ReloadAssembly
Native extension for WindowsStandalone target not found
Refreshing native plugins compatible for Editor in 0.57 ms, found 2 plugins.
Preloading 0 native plugins for Editor in 0.00 ms.
Mono: successfully reloaded assembly
- Completed reload, in  1.397 seconds
Domain Reload Profiling:
	ReloadAssembly (1399ms)
		BeginReloadAssembly (140ms)
			ExecutionOrderSort (0ms)
			DisableScriptedObjects (11ms)
			BackupInstance (0ms)
			ReleaseScriptingObjects (0ms)
			CreateAndSetChildDomain (40ms)
		EndReloadAssembly (1177ms)
			LoadAssemblies (113ms)
			RebuildTransferFunctionScriptingTraits (0ms)
			SetupTypeCache (409ms)
			ReleaseScriptCaches (1ms)
			RebuildScriptCaches (58ms)
			SetupLoadedEditorAssemblies (443ms)
				LogAssemblyErrors (0ms)
				InitializePlatformSupportModulesInManaged (11ms)
				SetLoadedEditorAssemblies (1ms)
				RefreshPlugins (1ms)
				BeforeProcessingInitializeOnLoad (123ms)
				ProcessInitializeOnLoadAttributes (294ms)
				ProcessInitializeOnLoadMethodAttributes (5ms)
				AfterProcessingInitializeOnLoad (9ms)
				EditorAssembliesLoaded (0ms)
			ExecutionOrderSort2 (0ms)
			AwakeInstancesAfterBackupRestoration (8ms)
Platform modules already initialized, skipping
Refreshing native plugins compatible for Editor in 0.42 ms, found 2 plugins.
Preloading 0 native plugins for Editor in 0.00 ms.
Unloading 1442 Unused Serialized files (Serialized files now loaded: 0)
System memory in use before: 82.8 MB.
System memory in use after: 82.9 MB.

Unloading 14 unused Assets to reduce memory usage. Loaded Objects now: 2021.
Total: 2.271100 ms (FindLiveObjects: 0.197400 ms CreateObjectMapping: 0.041200 ms MarkObjects: 1.955400 ms  DeleteObjects: 0.075600 ms)

AssetImportParameters requested are different than current active one (requested -> active):
  custom:framework-win-MediaFoundation: 216162199b28c13a410421893ffa2e32 -> 
  custom:video-decoder-ogg-theora: a1e56fd34408186e4bbccfd4996cb3dc -> 
  custom:container-muxer-webm: aa71ff27fc2769a1b78a27578f13a17b -> 
  custom:container-demuxer-webm: 4f35f7cbe854078d1ac9338744f61a02 -> 
  custom:container-demuxer-ogg: 62fdf1f143b41e24485cea50d1cbac27 -> 
  custom:video-encoder-webm-vp8: eb34c28f22e8b96e1ab97ce403110664 -> 
  custom:video-decoder-webm-vp8: 9c59270c3fd7afecdb556c50c9e8de78 -> 
  custom:audio-decoder-ogg-vorbis: bf7c407c2cedff20999df2af8eb42d56 -> 
  custom:audio-encoder-webm-vorbis: bf7c407c2cedff20999df2af8eb42d56 -> 
AssetImportWorkerClient::OnTransportError - code=2 error=End of file
